<?xml version="1.0" encoding="UTF-8"?>
<!-- Generated by org.testng.reporters.JUnitXMLReporter -->
<testsuite ignored="0" hostname="LAPTOP-F6P2CAR7" failures="0" tests="3" name="Default test" time="98.669" errors="0" timestamp="26 Feb 2018 09:05:16 GMT">
  <testcase classname="com.crm.qa.testcases.LoginPageTest" name="loginpagetitleTest" time="0.047"/>
  <testcase classname="com.crm.qa.testcases.LoginPageTest" name="crmlogoimageTest" time="0.384"/>
  <testcase classname="com.crm.qa.testcases.LoginPageTest" name="loginTest" time="18.075"/>
</testsuite> <!-- Default test -->
